<?xml version="1.0" encoding="UTF-8"?>
<robot generator="Robot 6.0.1 (Python 3.11.0 on win32)" generated="20221210 19:56:09.860" rpa="false" schemaversion="3">
<suite id="s1" name="Hello" source="c:\Users\zieda\OneDrive\Bureau\automation-python\FRWROBOTFRAMEWORK\tests\Hello.robot">
<test id="s1-t1" name="Open chrome" line="14">
<kw name="Open Browser" library="SeleniumLibrary">
<arg>${URL}</arg>
<arg>${Browser}</arg>
<doc>Opens a new browser instance to the optional ``url``.</doc>
<msg timestamp="20221210 19:56:10.998" level="INFO">Opening browser 'Chrome' to base url 'http://www.google.com'.</msg>
<status status="PASS" starttime="20221210 19:56:10.994" endtime="20221210 19:56:17.478"/>
</kw>
<kw name="Close Browser" library="SeleniumLibrary" type="TEARDOWN">
<doc>Closes the current browser.</doc>
<status status="PASS" starttime="20221210 19:56:17.485" endtime="20221210 19:56:20.516"/>
</kw>
<doc>openning browser</doc>
<status status="PASS" starttime="20221210 19:56:10.991" endtime="20221210 19:56:20.519"/>
</test>
<doc>Sample Test case Zied Hannachi</doc>
<status status="PASS" starttime="20221210 19:56:09.889" endtime="20221210 19:56:20.525"/>
</suite>
<statistics>
<total>
<stat pass="1" fail="0" skip="0">All Tests</stat>
</total>
<tag>
</tag>
<suite>
<stat pass="1" fail="0" skip="0" id="s1" name="Hello">Hello</stat>
</suite>
</statistics>
<errors>
</errors>
</robot>
